{
  "RSpec": {
    "coverage": {
      "/Users/adamjonas/Projects/makers/week-4/daily-diary-app/app.rb": [
        1,
        null,
        1,
        1,
        null,
        1,
        1,
        1,
        1,
        null,
        null,
        1,
        0,
        null,
        null,
        1,
        11,
        11,
        null,
        null,
        1,
        3,
        3,
        null,
        null,
        1,
        4,
        null,
        null,
        1,
        4,
        4,
        null,
        null,
        1,
        1,
        1,
        null,
        null,
        1,
        1,
        1,
        null,
        null
      ],
      "/Users/adamjonas/Projects/makers/week-4/daily-diary-app/lib/entry.rb": [
        1,
        1,
        null,
        1,
        1,
        16,
        null,
        null,
        16,
        null,
        null,
        null,
        1,
        15,
        15,
        21,
        null,
        null,
        null,
        null,
        1,
        6,
        null,
        null,
        6,
        null,
        null,
        null,
        1,
        2,
        null,
        null,
        null,
        null,
        1,
        45,
        45,
        45,
        45,
        null,
        null
      ],
      "/Users/adamjonas/Projects/makers/week-4/daily-diary-app/lib/database_connection.rb": [
        1,
        null,
        1,
        1,
        1,
        3,
        null,
        null,
        1,
        40,
        null,
        null,
        1,
        null,
        1,
        null,
        null
      ],
      "/Users/adamjonas/Projects/makers/week-4/daily-diary-app/Rakefile": [
        1,
        1,
        null,
        1,
        null,
        1,
        1,
        1,
        1,
        1,
        null,
        0,
        0,
        null,
        null,
        null,
        1,
        15,
        15,
        null,
        null
      ],
      "/Users/adamjonas/Projects/makers/week-4/daily-diary-app/spec/features/adding_entries_spec.rb": [
        1,
        1,
        1,
        1,
        1,
        1,
        1,
        1,
        null,
        null,
        1,
        1,
        1,
        1,
        1,
        1,
        null,
        1,
        1,
        1,
        1,
        1,
        1,
        null,
        null
      ],
      "/Users/adamjonas/Projects/makers/week-4/daily-diary-app/spec/features/clicking_title_spec.rb": [
        1,
        1,
        1,
        1,
        1,
        null,
        null,
        1,
        1,
        1,
        1,
        1,
        null,
        null
      ],
      "/Users/adamjonas/Projects/makers/week-4/daily-diary-app/spec/features/editing_entries_spec.rb": [
        1,
        1,
        1,
        null,
        1,
        1,
        1,
        1,
        1,
        null,
        1,
        1,
        null,
        null
      ],
      "/Users/adamjonas/Projects/makers/week-4/daily-diary-app/spec/features/entry_titles_spec.rb": [
        1,
        1,
        1,
        1,
        1,
        1,
        1,
        1,
        null,
        null
      ],
      "/Users/adamjonas/Projects/makers/week-4/daily-diary-app/spec/features/viewing_titles_spec.rb": [
        1,
        1,
        1,
        1,
        1,
        null,
        1,
        null,
        1,
        1,
        1,
        null,
        null
      ],
      "/Users/adamjonas/Projects/makers/week-4/daily-diary-app/spec/models/database_connection_spec.rb": [
        1,
        1,
        1,
        1,
        1,
        null,
        null,
        null,
        1,
        1,
        1,
        1,
        1,
        null,
        null,
        null
      ],
      "/Users/adamjonas/Projects/makers/week-4/daily-diary-app/spec/models/entry_spec.rb": [
        1,
        1,
        1,
        1,
        1,
        null,
        null,
        null,
        1,
        1,
        1,
        1,
        1,
        null,
        1,
        1,
        1,
        null,
        null,
        null,
        1,
        1,
        1,
        1,
        null,
        1,
        1,
        1,
        null,
        null,
        null,
        1,
        1,
        1,
        1,
        1,
        1,
        1,
        1,
        null,
        null,
        null,
        1,
        1,
        1,
        1,
        null,
        null,
        null,
        1,
        1,
        1,
        1,
        null,
        null,
        null
      ]
    },
    "timestamp": 1614675611
  }
}
