{
  "RSpec": {
    "coverage": {
      "/Users/adamjonas/Projects/makers/week-4/daily-diary-app/spec/setup_test_database.rb": [
        1,
        0,
        0,
        0,
        null
      ],
      "/Users/adamjonas/Projects/makers/week-4/daily-diary-app/lib/entry.rb": [
        1,
        null,
        1,
        1,
        null,
        1,
        1,
        9,
        null,
        null,
        null,
        9,
        null,
        null,
        null,
        1,
        10,
        10,
        15,
        null,
        null,
        null,
        null,
        null,
        null,
        null,
        null,
        null,
        1,
        26,
        26,
        26,
        26,
        null,
        null
      ],
      "/Users/adamjonas/Projects/makers/week-4/daily-diary-app/app.rb": [
        1,
        1,
        1,
        null,
        1,
        1,
        0,
        null,
        null,
        1,
        6,
        6,
        null,
        null,
        1,
        null,
        3,
        null,
        null,
        1,
        0,
        null,
        null,
        1,
        0,
        0,
        null,
        null,
        1,
        null
      ],
      "/Users/adamjonas/Projects/makers/week-4/daily-diary-app/lib/database_connection.rb": [
        1,
        null,
        1,
        1,
        1,
        3,
        null,
        null,
        1,
        20,
        null,
        null,
        1,
        null,
        1,
        null,
        null
      ],
      "/Users/adamjonas/Projects/makers/week-4/daily-diary-app/Rakefile": [
        1,
        null,
        1,
        1,
        1,
        1,
        1,
        null,
        0,
        0,
        null,
        null,
        null,
        1,
        12,
        null,
        null
      ],
      "/Users/adamjonas/Projects/makers/week-4/daily-diary-app/spec/feature/adding_entries_spec.rb": [
        1,
        1,
        1,
        1,
        0,
        0,
        0,
        0,
        null,
        null,
        1,
        1,
        1,
        0,
        0,
        0,
        null,
        0,
        0,
        0,
        0,
        0,
        0,
        null,
        null
      ],
      "/Users/adamjonas/Projects/makers/week-4/daily-diary-app/spec/feature/click_title_to_see_entry_spec.rb": [
        1,
        1,
        1,
        1,
        1,
        null,
        null,
        1,
        1,
        1,
        1,
        0,
        null,
        null
      ],
      "/Users/adamjonas/Projects/makers/week-4/daily-diary-app/spec/feature/giving_entries_titles_spec.rb": [
        1,
        1,
        1,
        1,
        0,
        0,
        0,
        0,
        null,
        null
      ],
      "/Users/adamjonas/Projects/makers/week-4/daily-diary-app/spec/feature/seeing_list_of_titles_spec.rb": [
        1,
        1,
        1,
        1,
        1,
        null,
        1,
        null,
        1,
        1,
        1,
        null,
        null
      ],
      "/Users/adamjonas/Projects/makers/week-4/daily-diary-app/spec/unit/database_connection_spec.rb": [
        1,
        1,
        1,
        1,
        1,
        null,
        null,
        null,
        1,
        1,
        1,
        1,
        1,
        null,
        null,
        null
      ],
      "/Users/adamjonas/Projects/makers/week-4/daily-diary-app/spec/unit/entry_spec.rb": [
        1,
        1,
        1,
        1,
        1,
        null,
        null,
        null,
        1,
        1,
        1,
        1,
        1,
        null,
        1,
        1,
        1,
        null,
        null,
        null,
        1,
        1,
        1,
        1,
        null,
        null,
        null,
        1,
        1,
        1,
        1,
        null,
        null,
        null
      ]
    },
    "timestamp": 1614633140
  }
}
